execve("target/debug/rdma-kv", ["target/debug/rdma-kv", "--client", "10.10.2.3", "10.10.2.1", "8080"], 0x7ffcfdd4c310 /* 25 vars */) = 0
brk(NULL)                               = 0x557c7ee72000
arch_prctl(0x3001 /* ARCH_??? */, 0x7ffd056b3530) = -1 EINVAL (Invalid argument)
mmap(NULL, 8192, PROT_READ|PROT_WRITE, MAP_PRIVATE|MAP_ANONYMOUS, -1, 0) = 0x7f169bc14000
access("/etc/ld.so.preload", R_OK)      = -1 ENOENT (No such file or directory)
openat(AT_FDCWD, "/etc/ld.so.cache", O_RDONLY|O_CLOEXEC) = 3
newfstatat(3, "", {st_mode=S_IFREG|0644, st_size=26883, ...}, AT_EMPTY_PATH) = 0
mmap(NULL, 26883, PROT_READ, MAP_PRIVATE, 3, 0) = 0x7f169bc0d000
close(3)                                = 0
openat(AT_FDCWD, "/lib/x86_64-linux-gnu/libibverbs.so.1", O_RDONLY|O_CLOEXEC) = 3
read(3, "\177ELF\2\1\1\0\0\0\0\0\0\0\0\0\3\0>\0\1\0\0\0\0\0\0\0\0\0\0\0"..., 832) = 832
newfstatat(3, "", {st_mode=S_IFREG|0644, st_size=142112, ...}, AT_EMPTY_PATH) = 0
mmap(NULL, 140160, PROT_READ, MAP_PRIVATE|MAP_DENYWRITE, 3, 0) = 0x7f169bbea000
mmap(0x7f169bbf0000, 90112, PROT_READ|PROT_EXEC, MAP_PRIVATE|MAP_FIXED|MAP_DENYWRITE, 3, 0x6000) = 0x7f169bbf0000
mmap(0x7f169bc06000, 20480, PROT_READ, MAP_PRIVATE|MAP_FIXED|MAP_DENYWRITE, 3, 0x1c000) = 0x7f169bc06000
mmap(0x7f169bc0b000, 8192, PROT_READ|PROT_WRITE, MAP_PRIVATE|MAP_FIXED|MAP_DENYWRITE, 3, 0x21000) = 0x7f169bc0b000
close(3)                                = 0
openat(AT_FDCWD, "/lib/x86_64-linux-gnu/librdmacm.so.1", O_RDONLY|O_CLOEXEC) = 3
read(3, "\177ELF\2\1\1\0\0\0\0\0\0\0\0\0\3\0>\0\1\0\0\0\0\0\0\0\0\0\0\0"..., 832) = 832
newfstatat(3, "", {st_mode=S_IFREG|0644, st_size=122144, ...}, AT_EMPTY_PATH) = 0
mmap(NULL, 123432, PROT_READ, MAP_PRIVATE|MAP_DENYWRITE, 3, 0) = 0x7f169bbcb000
mmap(0x7f169bbcf000, 86016, PROT_READ|PROT_EXEC, MAP_PRIVATE|MAP_FIXED|MAP_DENYWRITE, 3, 0x4000) = 0x7f169bbcf000
mmap(0x7f169bbe4000, 12288, PROT_READ, MAP_PRIVATE|MAP_FIXED|MAP_DENYWRITE, 3, 0x19000) = 0x7f169bbe4000
mmap(0x7f169bbe7000, 8192, PROT_READ|PROT_WRITE, MAP_PRIVATE|MAP_FIXED|MAP_DENYWRITE, 3, 0x1c000) = 0x7f169bbe7000
mmap(0x7f169bbe9000, 552, PROT_READ|PROT_WRITE, MAP_PRIVATE|MAP_FIXED|MAP_ANONYMOUS, -1, 0) = 0x7f169bbe9000
close(3)                                = 0
openat(AT_FDCWD, "/lib/x86_64-linux-gnu/libgcc_s.so.1", O_RDONLY|O_CLOEXEC) = 3
read(3, "\177ELF\2\1\1\0\0\0\0\0\0\0\0\0\3\0>\0\1\0\0\0\0\0\0\0\0\0\0\0"..., 832) = 832
newfstatat(3, "", {st_mode=S_IFREG|0644, st_size=125488, ...}, AT_EMPTY_PATH) = 0
mmap(NULL, 127720, PROT_READ, MAP_PRIVATE|MAP_DENYWRITE, 3, 0) = 0x7f169bbab000
mmap(0x7f169bbae000, 94208, PROT_READ|PROT_EXEC, MAP_PRIVATE|MAP_FIXED|MAP_DENYWRITE, 3, 0x3000) = 0x7f169bbae000
mmap(0x7f169bbc5000, 16384, PROT_READ, MAP_PRIVATE|MAP_FIXED|MAP_DENYWRITE, 3, 0x1a000) = 0x7f169bbc5000
mmap(0x7f169bbc9000, 8192, PROT_READ|PROT_WRITE, MAP_PRIVATE|MAP_FIXED|MAP_DENYWRITE, 3, 0x1d000) = 0x7f169bbc9000
close(3)                                = 0
openat(AT_FDCWD, "/lib/x86_64-linux-gnu/libc.so.6", O_RDONLY|O_CLOEXEC) = 3
read(3, "\177ELF\2\1\1\3\0\0\0\0\0\0\0\0\3\0>\0\1\0\0\0P\237\2\0\0\0\0\0"..., 832) = 832
pread64(3, "\6\0\0\0\4\0\0\0@\0\0\0\0\0\0\0@\0\0\0\0\0\0\0@\0\0\0\0\0\0\0"..., 784, 64) = 784
pread64(3, "\4\0\0\0 \0\0\0\5\0\0\0GNU\0\2\0\0\300\4\0\0\0\3\0\0\0\0\0\0\0"..., 48, 848) = 48
pread64(3, "\4\0\0\0\24\0\0\0\3\0\0\0GNU\0\244;\374\204(\337f#\315I\214\234\f\256\271\32"..., 68, 896) = 68
newfstatat(3, "", {st_mode=S_IFREG|0755, st_size=2216304, ...}, AT_EMPTY_PATH) = 0
pread64(3, "\6\0\0\0\4\0\0\0@\0\0\0\0\0\0\0@\0\0\0\0\0\0\0@\0\0\0\0\0\0\0"..., 784, 64) = 784
mmap(NULL, 2260560, PROT_READ, MAP_PRIVATE|MAP_DENYWRITE, 3, 0) = 0x7f169b983000
mmap(0x7f169b9ab000, 1658880, PROT_READ|PROT_EXEC, MAP_PRIVATE|MAP_FIXED|MAP_DENYWRITE, 3, 0x28000) = 0x7f169b9ab000
mmap(0x7f169bb40000, 360448, PROT_READ, MAP_PRIVATE|MAP_FIXED|MAP_DENYWRITE, 3, 0x1bd000) = 0x7f169bb40000
mmap(0x7f169bb98000, 24576, PROT_READ|PROT_WRITE, MAP_PRIVATE|MAP_FIXED|MAP_DENYWRITE, 3, 0x214000) = 0x7f169bb98000
mmap(0x7f169bb9e000, 52816, PROT_READ|PROT_WRITE, MAP_PRIVATE|MAP_FIXED|MAP_ANONYMOUS, -1, 0) = 0x7f169bb9e000
close(3)                                = 0
openat(AT_FDCWD, "/lib/x86_64-linux-gnu/libnl-route-3.so.200", O_RDONLY|O_CLOEXEC) = 3
read(3, "\177ELF\2\1\1\0\0\0\0\0\0\0\0\0\3\0>\0\1\0\0\0\0\0\0\0\0\0\0\0"..., 832) = 832
newfstatat(3, "", {st_mode=S_IFREG|0644, st_size=524448, ...}, AT_EMPTY_PATH) = 0
mmap(NULL, 535136, PROT_READ, MAP_PRIVATE|MAP_DENYWRITE, 3, 0) = 0x7f169b900000
mmap(0x7f169b91b000, 258048, PROT_READ|PROT_EXEC, MAP_PRIVATE|MAP_FIXED|MAP_DENYWRITE, 3, 0x1b000) = 0x7f169b91b000
mmap(0x7f169b95a000, 126976, PROT_READ, MAP_PRIVATE|MAP_FIXED|MAP_DENYWRITE, 3, 0x5a000) = 0x7f169b95a000
mmap(0x7f169b979000, 32768, PROT_READ|PROT_WRITE, MAP_PRIVATE|MAP_FIXED|MAP_DENYWRITE, 3, 0x78000) = 0x7f169b979000
mmap(0x7f169b981000, 6752, PROT_READ|PROT_WRITE, MAP_PRIVATE|MAP_FIXED|MAP_ANONYMOUS, -1, 0) = 0x7f169b981000
close(3)                                = 0
openat(AT_FDCWD, "/lib/x86_64-linux-gnu/libnl-3.so.200", O_RDONLY|O_CLOEXEC) = 3
read(3, "\177ELF\2\1\1\0\0\0\0\0\0\0\0\0\3\0>\0\1\0\0\0\0\0\0\0\0\0\0\0"..., 832) = 832
newfstatat(3, "", {st_mode=S_IFREG|0644, st_size=138136, ...}, AT_EMPTY_PATH) = 0
mmap(NULL, 140384, PROT_READ, MAP_PRIVATE|MAP_DENYWRITE, 3, 0) = 0x7f169b8dd000
mmap(0x7f169b8e5000, 61440, PROT_READ|PROT_EXEC, MAP_PRIVATE|MAP_FIXED|MAP_DENYWRITE, 3, 0x8000) = 0x7f169b8e5000
mmap(0x7f169b8f4000, 36864, PROT_READ, MAP_PRIVATE|MAP_FIXED|MAP_DENYWRITE, 3, 0x17000) = 0x7f169b8f4000
mmap(0x7f169b8fd000, 12288, PROT_READ|PROT_WRITE, MAP_PRIVATE|MAP_FIXED|MAP_DENYWRITE, 3, 0x1f000) = 0x7f169b8fd000
close(3)                                = 0
mmap(NULL, 8192, PROT_READ|PROT_WRITE, MAP_PRIVATE|MAP_ANONYMOUS, -1, 0) = 0x7f169b8db000
mmap(NULL, 12288, PROT_READ|PROT_WRITE, MAP_PRIVATE|MAP_ANONYMOUS, -1, 0) = 0x7f169b8d8000
arch_prctl(ARCH_SET_FS, 0x7f169b8d8780) = 0
set_tid_address(0x7f169b8d8a50)         = 189666
set_robust_list(0x7f169b8d8a60, 24)     = 0
rseq(0x7f169b8d9120, 0x20, 0, 0x53053053) = 0
mprotect(0x7f169bb98000, 16384, PROT_READ) = 0
mprotect(0x7f169b8fd000, 8192, PROT_READ) = 0
mprotect(0x7f169b979000, 12288, PROT_READ) = 0
mprotect(0x7f169bbc9000, 4096, PROT_READ) = 0
mprotect(0x7f169bc0b000, 4096, PROT_READ) = 0
mprotect(0x7f169bbe7000, 4096, PROT_READ) = 0
mprotect(0x557c7e5cc000, 65536, PROT_READ) = 0
mprotect(0x7f169bc4e000, 8192, PROT_READ) = 0
prlimit64(0, RLIMIT_STACK, NULL, {rlim_cur=8192*1024, rlim_max=RLIM64_INFINITY}) = 0
munmap(0x7f169bc0d000, 26883)           = 0
getrandom("\x9c\x2d\x7d\xc0\x86\xf0\xcf\x5d", 8, GRND_NONBLOCK) = 8
brk(NULL)                               = 0x557c7ee72000
brk(0x557c7ee93000)                     = 0x557c7ee93000
newfstatat(AT_FDCWD, "/etc/libnl/classid", 0x7ffd056b3480, 0) = -1 ENOENT (No such file or directory)
openat(AT_FDCWD, "/etc/libnl/classid", O_RDONLY|O_CLOEXEC) = -1 ENOENT (No such file or directory)
poll([{fd=0, events=0}, {fd=1, events=0}, {fd=2, events=0}], 3, 0) = 0 (Timeout)
rt_sigaction(SIGPIPE, {sa_handler=SIG_IGN, sa_mask=[PIPE], sa_flags=SA_RESTORER|SA_RESTART, sa_restorer=0x7f169b9c5520}, {sa_handler=SIG_DFL, sa_mask=[], sa_flags=0}, 8) = 0
rt_sigaction(SIGSEGV, NULL, {sa_handler=SIG_DFL, sa_mask=[], sa_flags=0}, 8) = 0
rt_sigaction(SIGSEGV, {sa_handler=0x557c7e54e750, sa_mask=[], sa_flags=SA_RESTORER|SA_ONSTACK|SA_SIGINFO, sa_restorer=0x7f169b9c5520}, NULL, 8) = 0
rt_sigaction(SIGBUS, NULL, {sa_handler=SIG_DFL, sa_mask=[], sa_flags=0}, 8) = 0
rt_sigaction(SIGBUS, {sa_handler=0x557c7e54e750, sa_mask=[], sa_flags=SA_RESTORER|SA_ONSTACK|SA_SIGINFO, sa_restorer=0x7f169b9c5520}, NULL, 8) = 0
sigaltstack(NULL, {ss_sp=NULL, ss_flags=SS_DISABLE, ss_size=0}) = 0
mmap(NULL, 12288, PROT_READ|PROT_WRITE, MAP_PRIVATE|MAP_ANONYMOUS|MAP_STACK, -1, 0) = 0x7f169bc11000
mprotect(0x7f169bc11000, 4096, PROT_NONE) = 0
sigaltstack({ss_sp=0x7f169bc12000, ss_flags=0, ss_size=8192}, NULL) = 0
openat(AT_FDCWD, "/proc/self/maps", O_RDONLY|O_CLOEXEC) = 3
prlimit64(0, RLIMIT_STACK, NULL, {rlim_cur=8192*1024, rlim_max=RLIM64_INFINITY}) = 0
newfstatat(3, "", {st_mode=S_IFREG|0444, st_size=0, ...}, AT_EMPTY_PATH) = 0
read(3, "557c7e3a8000-557c7e3c6000 r--p 0"..., 1024) = 1024
read(3, ":03 245936                     /"..., 1024) = 1024
read(3, "0000 08:03 248540               "..., 1024) = 1024
read(3, "7f169bbcb000 rw-p 0001e000 08:03"..., 1024) = 1024
read(3, "0 r--p 0001c000 08:03 245857    "..., 1024) = 1024
read(3, "-linux-x86-64.so.2\n7ffd05695000-"..., 1024) = 344
close(3)                                = 0
sched_getaffinity(189666, 32, [0, 1, 2, 3, 4, 5, 6, 7, 8, 9, 10, 11, 12, 13, 14, 15, 16, 17, 18, 19, 20, 21, 22, 23, 24, 25, 26, 27, 28, 29, 30, 31, 32, 33, 34, 35, 36, 37, 38, 39, 40, 41, 42, 43, 44, 45, 46, 47, 48, 49, 50, 51, 52, 53, 54, 55, 56, 57, 58, 59, 60, 61, 62, 63, 64, 65, 66, 67, 68, 69, 70, 71, 72, 73, 74, 75, 76, 77, 78, 79, 80, 81, 82, 83, 84, 85, 86, 87, 88, 89, 90, 91, 92, 93, 94, 95, 96, 97, 98, 99, 100, 101, 102, 103, 104, 105, 106, 107, 108, 109, 110, 111, 112, 113, 114, 115, 116, 117, 118, 119, 120, 121, 122, 123, 124, 125, 126, 127]) = 16
write(1, "Starting client\n", 16)       = 16
write(1, "setting up soc conn\n", 20)   = 20
socket(AF_NETLINK, SOCK_RAW|SOCK_CLOEXEC, NETLINK_RDMA) = 3
setsockopt(3, SOL_SOCKET, SO_SNDBUF, [32768], 4) = 0
setsockopt(3, SOL_SOCKET, SO_RCVBUF, [32768], 4) = 0
getpid()                                = 189666
bind(3, {sa_family=AF_NETLINK, nl_pid=692249826, nl_groups=00000000}, 12) = 0
getsockname(3, {sa_family=AF_NETLINK, nl_pid=692249826, nl_groups=00000000}, [12]) = 0
sendmsg(3, {msg_name={sa_family=AF_NETLINK, nl_pid=0, nl_groups=00000000}, msg_namelen=12, msg_iov=[{iov_base=[{nlmsg_len=28, nlmsg_type=0x140f /* NLMSG_??? */, nlmsg_flags=NLM_F_REQUEST, nlmsg_seq=1701810256, nlmsg_pid=692249826}, "\x0c\x00\x45\x00\x72\x64\x6d\x61\x5f\x63\x6d\x00"], iov_len=28}], msg_iovlen=1, msg_controllen=0, msg_flags=0}, 0) = 28
recvmsg(3, {msg_name={sa_family=AF_NETLINK, nl_pid=0, nl_groups=00000000}, msg_namelen=12, msg_iov=[{iov_base=[{nlmsg_len=52, nlmsg_type=0x140f /* NLMSG_??? */, nlmsg_flags=0, nlmsg_seq=1701810256, nlmsg_pid=692249826}, "\x0c\x00\x48\x00\x7a\x0a\x00\x00\x00\x00\x00\x00\x0c\x00\x47\x00\x04\x00\x00\x00\x00\x00\x00\x00\x0c\x00\x46\x00\x72\x64\x6d\x61"...], iov_len=16384}], msg_iovlen=1, msg_controllen=0, msg_flags=0}, 0) = 52
close(3)                                = 0
getuid()                                = 20014
geteuid()                               = 20014
geteuid()                               = 20014
prlimit64(0, RLIMIT_MEMLOCK, NULL, {rlim_cur=32944368*1024, rlim_max=32944368*1024}) = 0
socket(AF_NETLINK, SOCK_RAW|SOCK_CLOEXEC, NETLINK_RDMA) = 3
setsockopt(3, SOL_SOCKET, SO_SNDBUF, [32768], 4) = 0
setsockopt(3, SOL_SOCKET, SO_RCVBUF, [32768], 4) = 0
getpid()                                = 189666
bind(3, {sa_family=AF_NETLINK, nl_pid=1275258082, nl_groups=00000000}, 12) = 0
getsockname(3, {sa_family=AF_NETLINK, nl_pid=1275258082, nl_groups=00000000}, [12]) = 0
sendmsg(3, {msg_name={sa_family=AF_NETLINK, nl_pid=0, nl_groups=00000000}, msg_namelen=12, msg_iov=[{iov_base={nlmsg_len=16, nlmsg_type=0x1401 /* NLMSG_??? */, nlmsg_flags=NLM_F_REQUEST|0x300, nlmsg_seq=1701810256, nlmsg_pid=1275258082}, iov_len=16}], msg_iovlen=1, msg_controllen=0, msg_flags=0}, 0) = 16
recvmsg(3, {msg_name={sa_family=AF_NETLINK, nl_pid=0, nl_groups=00000000}, msg_namelen=12, msg_iov=[{iov_base=[{nlmsg_len=128, nlmsg_type=0x1401 /* NLMSG_??? */, nlmsg_flags=NLM_F_MULTI, nlmsg_seq=1701810256, nlmsg_pid=1275258082}, "\x08\x00\x01\x00\x00\x00\x00\x00\x0f\x00\x02\x00\x72\x6f\x63\x65\x6f\x31\x32\x33\x39\x39\x00\x00\x08\x00\x03\x00\x01\x00\x00\x00"...], iov_len=16384}], msg_iovlen=1, msg_controllen=0, msg_flags=0}, 0) = 128
recvmsg(3, {msg_name={sa_family=AF_NETLINK, nl_pid=0, nl_groups=00000000}, msg_namelen=12, msg_iov=[{iov_base=[{nlmsg_len=128, nlmsg_type=0x1401 /* NLMSG_??? */, nlmsg_flags=NLM_F_MULTI, nlmsg_seq=1701810256, nlmsg_pid=1275258082}, "\x08\x00\x01\x00\x01\x00\x00\x00\x0f\x00\x02\x00\x72\x6f\x63\x65\x6f\x31\x32\x34\x30\x39\x00\x00\x08\x00\x03\x00\x01\x00\x00\x00"...], iov_len=16384}], msg_iovlen=1, msg_controllen=0, msg_flags=0}, 0) = 128
recvmsg(3, {msg_name={sa_family=AF_NETLINK, nl_pid=0, nl_groups=00000000}, msg_namelen=12, msg_iov=[{iov_base=[{nlmsg_len=132, nlmsg_type=0x1401 /* NLMSG_??? */, nlmsg_flags=NLM_F_MULTI, nlmsg_seq=1701810256, nlmsg_pid=1275258082}, "\x08\x00\x01\x00\x02\x00\x00\x00\x11\x00\x02\x00\x72\x6f\x63\x65\x70\x31\x32\x39\x73\x30\x66\x30\x00\x00\x00\x00\x08\x00\x03\x00"...], iov_len=16384}], msg_iovlen=1, msg_controllen=0, msg_flags=0}, 0) = 132
recvmsg(3, {msg_name={sa_family=AF_NETLINK, nl_pid=0, nl_groups=00000000}, msg_namelen=12, msg_iov=[{iov_base=[{nlmsg_len=132, nlmsg_type=0x1401 /* NLMSG_??? */, nlmsg_flags=NLM_F_MULTI, nlmsg_seq=1701810256, nlmsg_pid=1275258082}, "\x08\x00\x01\x00\x03\x00\x00\x00\x11\x00\x02\x00\x72\x6f\x63\x65\x70\x31\x32\x39\x73\x30\x66\x31\x00\x00\x00\x00\x08\x00\x03\x00"...], iov_len=16384}], msg_iovlen=1, msg_controllen=0, msg_flags=0}, 0) = 132
recvmsg(3, {msg_name={sa_family=AF_NETLINK, nl_pid=0, nl_groups=00000000}, msg_namelen=12, msg_iov=[{iov_base=[{nlmsg_len=20, nlmsg_type=NLMSG_DONE, nlmsg_flags=NLM_F_MULTI, nlmsg_seq=1701810256, nlmsg_pid=1275258082}, 0], iov_len=16384}], msg_iovlen=1, msg_controllen=0, msg_flags=0}, 0) = 20
sendmsg(3, {msg_name={sa_family=AF_NETLINK, nl_pid=0, nl_groups=00000000}, msg_namelen=12, msg_iov=[{iov_base=[{nlmsg_len=36, nlmsg_type=0x140f /* NLMSG_??? */, nlmsg_flags=NLM_F_REQUEST, nlmsg_seq=1701810257, nlmsg_pid=1275258082}, "\x08\x00\x01\x00\x03\x00\x00\x00\x0b\x00\x45\x00\x75\x76\x65\x72\x62\x73\x00\x00"], iov_len=36}], msg_iovlen=1, msg_controllen=0, msg_flags=0}, 0) = 36
recvmsg(3, {msg_name={sa_family=AF_NETLINK, nl_pid=0, nl_groups=00000000}, msg_namelen=12, msg_iov=[{iov_base=[{nlmsg_len=60, nlmsg_type=0x140f /* NLMSG_??? */, nlmsg_flags=0, nlmsg_seq=1701810257, nlmsg_pid=1275258082}, "\x08\x00\x49\x00\x01\x00\x00\x00\x0c\x00\x48\x00\xc3\xe7\x00\x00\x00\x00\x00\x00\x0c\x00\x47\x00\x01\x00\x00\x00\x00\x00\x00\x00"...], iov_len=16384}], msg_iovlen=1, msg_controllen=0, msg_flags=0}, 0) = 60
newfstatat(AT_FDCWD, "/dev/infiniband/uverbs3", {st_mode=S_IFCHR|0666, st_rdev=makedev(0xe7, 0xc3), ...}, 0) = 0
sendmsg(3, {msg_name={sa_family=AF_NETLINK, nl_pid=0, nl_groups=00000000}, msg_namelen=12, msg_iov=[{iov_base=[{nlmsg_len=36, nlmsg_type=0x140f /* NLMSG_??? */, nlmsg_flags=NLM_F_REQUEST, nlmsg_seq=1701810258, nlmsg_pid=1275258082}, "\x08\x00\x01\x00\x02\x00\x00\x00\x0b\x00\x45\x00\x75\x76\x65\x72\x62\x73\x00\x00"], iov_len=36}], msg_iovlen=1, msg_controllen=0, msg_flags=0}, 0) = 36
recvmsg(3, {msg_name={sa_family=AF_NETLINK, nl_pid=0, nl_groups=00000000}, msg_namelen=12, msg_iov=[{iov_base=[{nlmsg_len=60, nlmsg_type=0x140f /* NLMSG_??? */, nlmsg_flags=0, nlmsg_seq=1701810258, nlmsg_pid=1275258082}, "\x08\x00\x49\x00\x01\x00\x00\x00\x0c\x00\x48\x00\xc2\xe7\x00\x00\x00\x00\x00\x00\x0c\x00\x47\x00\x01\x00\x00\x00\x00\x00\x00\x00"...], iov_len=16384}], msg_iovlen=1, msg_controllen=0, msg_flags=0}, 0) = 60
newfstatat(AT_FDCWD, "/dev/infiniband/uverbs2", {st_mode=S_IFCHR|0666, st_rdev=makedev(0xe7, 0xc2), ...}, 0) = 0
sendmsg(3, {msg_name={sa_family=AF_NETLINK, nl_pid=0, nl_groups=00000000}, msg_namelen=12, msg_iov=[{iov_base=[{nlmsg_len=36, nlmsg_type=0x140f /* NLMSG_??? */, nlmsg_flags=NLM_F_REQUEST, nlmsg_seq=1701810259, nlmsg_pid=1275258082}, "\x08\x00\x01\x00\x01\x00\x00\x00\x0b\x00\x45\x00\x75\x76\x65\x72\x62\x73\x00\x00"], iov_len=36}], msg_iovlen=1, msg_controllen=0, msg_flags=0}, 0) = 36
recvmsg(3, {msg_name={sa_family=AF_NETLINK, nl_pid=0, nl_groups=00000000}, msg_namelen=12, msg_iov=[{iov_base=[{nlmsg_len=60, nlmsg_type=0x140f /* NLMSG_??? */, nlmsg_flags=0, nlmsg_seq=1701810259, nlmsg_pid=1275258082}, "\x08\x00\x49\x00\x01\x00\x00\x00\x0c\x00\x48\x00\xc1\xe7\x00\x00\x00\x00\x00\x00\x0c\x00\x47\x00\x01\x00\x00\x00\x00\x00\x00\x00"...], iov_len=16384}], msg_iovlen=1, msg_controllen=0, msg_flags=0}, 0) = 60
newfstatat(AT_FDCWD, "/dev/infiniband/uverbs1", {st_mode=S_IFCHR|0666, st_rdev=makedev(0xe7, 0xc1), ...}, 0) = 0
sendmsg(3, {msg_name={sa_family=AF_NETLINK, nl_pid=0, nl_groups=00000000}, msg_namelen=12, msg_iov=[{iov_base=[{nlmsg_len=36, nlmsg_type=0x140f /* NLMSG_??? */, nlmsg_flags=NLM_F_REQUEST, nlmsg_seq=1701810260, nlmsg_pid=1275258082}, "\x08\x00\x01\x00\x00\x00\x00\x00\x0b\x00\x45\x00\x75\x76\x65\x72\x62\x73\x00\x00"], iov_len=36}], msg_iovlen=1, msg_controllen=0, msg_flags=0}, 0) = 36
recvmsg(3, {msg_name={sa_family=AF_NETLINK, nl_pid=0, nl_groups=00000000}, msg_namelen=12, msg_iov=[{iov_base=[{nlmsg_len=60, nlmsg_type=0x140f /* NLMSG_??? */, nlmsg_flags=0, nlmsg_seq=1701810260, nlmsg_pid=1275258082}, "\x08\x00\x49\x00\x01\x00\x00\x00\x0c\x00\x48\x00\xc0\xe7\x00\x00\x00\x00\x00\x00\x0c\x00\x47\x00\x01\x00\x00\x00\x00\x00\x00\x00"...], iov_len=16384}], msg_iovlen=1, msg_controllen=0, msg_flags=0}, 0) = 60
newfstatat(AT_FDCWD, "/dev/infiniband/uverbs0", {st_mode=S_IFCHR|0666, st_rdev=makedev(0xe7, 0xc0), ...}, 0) = 0
close(3)                                = 0
openat(AT_FDCWD, "/etc/libibverbs.d", O_RDONLY|O_NONBLOCK|O_CLOEXEC|O_DIRECTORY) = 3
newfstatat(3, "", {st_mode=S_IFDIR|0755, st_size=4096, ...}, AT_EMPTY_PATH) = 0
getdents64(3, 0x557c7ee76910 /* 17 entries */, 32768) = 568
newfstatat(AT_FDCWD, "/etc/libibverbs.d/hfi1verbs.driver", {st_mode=S_IFREG|0644, st_size=17, ...}, 0) = 0
openat(AT_FDCWD, "/etc/libibverbs.d/hfi1verbs.driver", O_RDONLY|O_CLOEXEC) = 4
newfstatat(4, "", {st_mode=S_IFREG|0644, st_size=17, ...}, AT_EMPTY_PATH) = 0
read(4, "driver hfi1verbs\n", 4096)     = 17
read(4, "", 4096)                       = 0
close(4)                                = 0
newfstatat(AT_FDCWD, "/etc/libibverbs.d/ipathverbs.driver", {st_mode=S_IFREG|0644, st_size=18, ...}, 0) = 0
openat(AT_FDCWD, "/etc/libibverbs.d/ipathverbs.driver", O_RDONLY|O_CLOEXEC) = 4
newfstatat(4, "", {st_mode=S_IFREG|0644, st_size=18, ...}, AT_EMPTY_PATH) = 0
read(4, "driver ipathverbs\n", 4096)    = 18
read(4, "", 4096)                       = 0
close(4)                                = 0
newfstatat(AT_FDCWD, "/etc/libibverbs.d/cxgb4.driver", {st_mode=S_IFREG|0644, st_size=13, ...}, 0) = 0
openat(AT_FDCWD, "/etc/libibverbs.d/cxgb4.driver", O_RDONLY|O_CLOEXEC) = 4
newfstatat(4, "", {st_mode=S_IFREG|0644, st_size=13, ...}, AT_EMPTY_PATH) = 0
read(4, "driver cxgb4\n", 4096)         = 13
read(4, "", 4096)                       = 0
close(4)                                = 0
newfstatat(AT_FDCWD, "/etc/libibverbs.d/mlx4.driver", {st_mode=S_IFREG|0644, st_size=12, ...}, 0) = 0
openat(AT_FDCWD, "/etc/libibverbs.d/mlx4.driver", O_RDONLY|O_CLOEXEC) = 4
newfstatat(4, "", {st_mode=S_IFREG|0644, st_size=12, ...}, AT_EMPTY_PATH) = 0
read(4, "driver mlx4\n", 4096)          = 12
read(4, "", 4096)                       = 0
close(4)                                = 0
newfstatat(AT_FDCWD, "/etc/libibverbs.d/mlx5.driver", {st_mode=S_IFREG|0644, st_size=12, ...}, 0) = 0
openat(AT_FDCWD, "/etc/libibverbs.d/mlx5.driver", O_RDONLY|O_CLOEXEC) = 4
newfstatat(4, "", {st_mode=S_IFREG|0644, st_size=12, ...}, AT_EMPTY_PATH) = 0
read(4, "driver mlx5\n", 4096)          = 12
read(4, "", 4096)                       = 0
close(4)                                = 0
newfstatat(AT_FDCWD, "/etc/libibverbs.d/bnxt_re.driver", {st_mode=S_IFREG|0644, st_size=15, ...}, 0) = 0
openat(AT_FDCWD, "/etc/libibverbs.d/bnxt_re.driver", O_RDONLY|O_CLOEXEC) = 4
newfstatat(4, "", {st_mode=S_IFREG|0644, st_size=15, ...}, AT_EMPTY_PATH) = 0
read(4, "driver bnxt_re\n", 4096)       = 15
read(4, "", 4096)                       = 0
close(4)                                = 0
newfstatat(AT_FDCWD, "/etc/libibverbs.d/qedr.driver", {st_mode=S_IFREG|0644, st_size=12, ...}, 0) = 0
openat(AT_FDCWD, "/etc/libibverbs.d/qedr.driver", O_RDONLY|O_CLOEXEC) = 4
newfstatat(4, "", {st_mode=S_IFREG|0644, st_size=12, ...}, AT_EMPTY_PATH) = 0
read(4, "driver qedr\n", 4096)          = 12
read(4, "", 4096)                       = 0
close(4)                                = 0
newfstatat(AT_FDCWD, "/etc/libibverbs.d/..", {st_mode=S_IFDIR|0755, st_size=4096, ...}, 0) = 0
newfstatat(AT_FDCWD, "/etc/libibverbs.d/siw.driver", {st_mode=S_IFREG|0644, st_size=11, ...}, 0) = 0
openat(AT_FDCWD, "/etc/libibverbs.d/siw.driver", O_RDONLY|O_CLOEXEC) = 4
newfstatat(4, "", {st_mode=S_IFREG|0644, st_size=11, ...}, AT_EMPTY_PATH) = 0
read(4, "driver siw\n", 4096)           = 11
read(4, "", 4096)                       = 0
close(4)                                = 0
newfstatat(AT_FDCWD, "/etc/libibverbs.d/hns.driver", {st_mode=S_IFREG|0644, st_size=11, ...}, 0) = 0
openat(AT_FDCWD, "/etc/libibverbs.d/hns.driver", O_RDONLY|O_CLOEXEC) = 4
newfstatat(4, "", {st_mode=S_IFREG|0644, st_size=11, ...}, AT_EMPTY_PATH) = 0
read(4, "driver hns\n", 4096)           = 11
read(4, "", 4096)                       = 0
close(4)                                = 0
newfstatat(AT_FDCWD, "/etc/libibverbs.d/.", {st_mode=S_IFDIR|0755, st_size=4096, ...}, 0) = 0
newfstatat(AT_FDCWD, "/etc/libibverbs.d/rxe.driver", {st_mode=S_IFREG|0644, st_size=11, ...}, 0) = 0
openat(AT_FDCWD, "/etc/libibverbs.d/rxe.driver", O_RDONLY|O_CLOEXEC) = 4
newfstatat(4, "", {st_mode=S_IFREG|0644, st_size=11, ...}, AT_EMPTY_PATH) = 0
read(4, "driver rxe\n", 4096)           = 11
read(4, "", 4096)                       = 0
close(4)                                = 0
newfstatat(AT_FDCWD, "/etc/libibverbs.d/efa.driver", {st_mode=S_IFREG|0644, st_size=11, ...}, 0) = 0
openat(AT_FDCWD, "/etc/libibverbs.d/efa.driver", O_RDONLY|O_CLOEXEC) = 4
newfstatat(4, "", {st_mode=S_IFREG|0644, st_size=11, ...}, AT_EMPTY_PATH) = 0
read(4, "driver efa\n", 4096)           = 11
read(4, "", 4096)                       = 0
close(4)                                = 0
newfstatat(AT_FDCWD, "/etc/libibverbs.d/ocrdma.driver", {st_mode=S_IFREG|0644, st_size=14, ...}, 0) = 0
openat(AT_FDCWD, "/etc/libibverbs.d/ocrdma.driver", O_RDONLY|O_CLOEXEC) = 4
newfstatat(4, "", {st_mode=S_IFREG|0644, st_size=14, ...}, AT_EMPTY_PATH) = 0
read(4, "driver ocrdma\n", 4096)        = 14
read(4, "", 4096)                       = 0
close(4)                                = 0
newfstatat(AT_FDCWD, "/etc/libibverbs.d/irdma.driver", {st_mode=S_IFREG|0644, st_size=13, ...}, 0) = 0
openat(AT_FDCWD, "/etc/libibverbs.d/irdma.driver", O_RDONLY|O_CLOEXEC) = 4
newfstatat(4, "", {st_mode=S_IFREG|0644, st_size=13, ...}, AT_EMPTY_PATH) = 0
read(4, "driver irdma\n", 4096)         = 13
read(4, "", 4096)                       = 0
close(4)                                = 0
newfstatat(AT_FDCWD, "/etc/libibverbs.d/vmw_pvrdma.driver", {st_mode=S_IFREG|0644, st_size=18, ...}, 0) = 0
openat(AT_FDCWD, "/etc/libibverbs.d/vmw_pvrdma.driver", O_RDONLY|O_CLOEXEC) = 4
newfstatat(4, "", {st_mode=S_IFREG|0644, st_size=18, ...}, AT_EMPTY_PATH) = 0
read(4, "driver vmw_pvrdma\n", 4096)    = 18
read(4, "", 4096)                       = 0
close(4)                                = 0
newfstatat(AT_FDCWD, "/etc/libibverbs.d/mthca.driver", {st_mode=S_IFREG|0644, st_size=13, ...}, 0) = 0
openat(AT_FDCWD, "/etc/libibverbs.d/mthca.driver", O_RDONLY|O_CLOEXEC) = 4
newfstatat(4, "", {st_mode=S_IFREG|0644, st_size=13, ...}, AT_EMPTY_PATH) = 0
read(4, "driver mthca\n", 4096)         = 13
read(4, "", 4096)                       = 0
close(4)                                = 0
getdents64(3, 0x557c7ee76910 /* 0 entries */, 32768) = 0
close(3)                                = 0
getuid()                                = 20014
geteuid()                               = 20014
openat(AT_FDCWD, "/usr/lib/x86_64-linux-gnu/libibverbs/libmthca-rdmav34.so", O_RDONLY|O_CLOEXEC) = 3
read(3, "\177ELF\2\1\1\0\0\0\0\0\0\0\0\0\3\0>\0\1\0\0\0\0\0\0\0\0\0\0\0"..., 832) = 832
newfstatat(3, "", {st_mode=S_IFREG|0644, st_size=43248, ...}, AT_EMPTY_PATH) = 0
mmap(NULL, 40976, PROT_READ, MAP_PRIVATE|MAP_DENYWRITE, 3, 0) = 0x7f169b8cd000
mmap(0x7f169b8cf000, 24576, PROT_READ|PROT_EXEC, MAP_PRIVATE|MAP_FIXED|MAP_DENYWRITE, 3, 0x2000) = 0x7f169b8cf000
mmap(0x7f169b8d5000, 4096, PROT_READ, MAP_PRIVATE|MAP_FIXED|MAP_DENYWRITE, 3, 0x8000) = 0x7f169b8d5000
mmap(0x7f169b8d6000, 8192, PROT_READ|PROT_WRITE, MAP_PRIVATE|MAP_FIXED|MAP_DENYWRITE, 3, 0x9000) = 0x7f169b8d6000
close(3)                                = 0
mprotect(0x7f169b8d6000, 4096, PROT_READ) = 0
openat(AT_FDCWD, "/usr/lib/x86_64-linux-gnu/libibverbs/libvmw_pvrdma-rdmav34.so", O_RDONLY|O_CLOEXEC) = 3
read(3, "\177ELF\2\1\1\0\0\0\0\0\0\0\0\0\3\0>\0\1\0\0\0\0\0\0\0\0\0\0\0"..., 832) = 832
newfstatat(3, "", {st_mode=S_IFREG|0644, st_size=30960, ...}, AT_EMPTY_PATH) = 0
mmap(NULL, 28688, PROT_READ, MAP_PRIVATE|MAP_DENYWRITE, 3, 0) = 0x7f169b8c5000
mmap(0x7f169b8c7000, 12288, PROT_READ|PROT_EXEC, MAP_PRIVATE|MAP_FIXED|MAP_DENYWRITE, 3, 0x2000) = 0x7f169b8c7000
mmap(0x7f169b8ca000, 4096, PROT_READ, MAP_PRIVATE|MAP_FIXED|MAP_DENYWRITE, 3, 0x5000) = 0x7f169b8ca000
mmap(0x7f169b8cb000, 8192, PROT_READ|PROT_WRITE, MAP_PRIVATE|MAP_FIXED|MAP_DENYWRITE, 3, 0x6000) = 0x7f169b8cb000
close(3)                                = 0
mprotect(0x7f169b8cb000, 4096, PROT_READ) = 0
openat(AT_FDCWD, "/usr/lib/x86_64-linux-gnu/libibverbs/libirdma-rdmav34.so", O_RDONLY|O_CLOEXEC) = 3
read(3, "\177ELF\2\1\1\0\0\0\0\0\0\0\0\0\3\0>\0\1\0\0\0\0\0\0\0\0\0\0\0"..., 832) = 832
newfstatat(3, "", {st_mode=S_IFREG|0644, st_size=51440, ...}, AT_EMPTY_PATH) = 0
mmap(NULL, 49168, PROT_READ, MAP_PRIVATE|MAP_DENYWRITE, 3, 0) = 0x7f169b8b8000
mmap(0x7f169b8ba000, 28672, PROT_READ|PROT_EXEC, MAP_PRIVATE|MAP_FIXED|MAP_DENYWRITE, 3, 0x2000) = 0x7f169b8ba000
mmap(0x7f169b8c1000, 8192, PROT_READ, MAP_PRIVATE|MAP_FIXED|MAP_DENYWRITE, 3, 0x9000) = 0x7f169b8c1000
mmap(0x7f169b8c3000, 8192, PROT_READ|PROT_WRITE, MAP_PRIVATE|MAP_FIXED|MAP_DENYWRITE, 3, 0xb000) = 0x7f169b8c3000
close(3)                                = 0
mprotect(0x7f169b8c3000, 4096, PROT_READ) = 0
openat(AT_FDCWD, "/usr/lib/x86_64-linux-gnu/libibverbs/libocrdma-rdmav34.so", O_RDONLY|O_CLOEXEC) = 3
read(3, "\177ELF\2\1\1\0\0\0\0\0\0\0\0\0\3\0>\0\1\0\0\0\0\0\0\0\0\0\0\0"..., 832) = 832
newfstatat(3, "", {st_mode=S_IFREG|0644, st_size=39152, ...}, AT_EMPTY_PATH) = 0
mmap(NULL, 36880, PROT_READ, MAP_PRIVATE|MAP_DENYWRITE, 3, 0) = 0x7f169b8ae000
mmap(0x7f169b8b0000, 20480, PROT_READ|PROT_EXEC, MAP_PRIVATE|MAP_FIXED|MAP_DENYWRITE, 3, 0x2000) = 0x7f169b8b0000
mmap(0x7f169b8b5000, 4096, PROT_READ, MAP_PRIVATE|MAP_FIXED|MAP_DENYWRITE, 3, 0x7000) = 0x7f169b8b5000
mmap(0x7f169b8b6000, 8192, PROT_READ|PROT_WRITE, MAP_PRIVATE|MAP_FIXED|MAP_DENYWRITE, 3, 0x8000) = 0x7f169b8b6000
close(3)                                = 0
mprotect(0x7f169b8b6000, 4096, PROT_READ) = 0
openat(AT_FDCWD, "/usr/lib/x86_64-linux-gnu/libibverbs/libefa-rdmav34.so", O_RDONLY|O_CLOEXEC) = 3
read(3, "\177ELF\2\1\1\0\0\0\0\0\0\0\0\0\3\0>\0\1\0\0\0\0\0\0\0\0\0\0\0"..., 832) = 832
newfstatat(3, "", {st_mode=S_IFREG|0644, st_size=51512, ...}, AT_EMPTY_PATH) = 0
mmap(NULL, 49168, PROT_READ, MAP_PRIVATE|MAP_DENYWRITE, 3, 0) = 0x7f169b8a1000
mmap(0x7f169b8a3000, 24576, PROT_READ|PROT_EXEC, MAP_PRIVATE|MAP_FIXED|MAP_DENYWRITE, 3, 0x2000) = 0x7f169b8a3000
mmap(0x7f169b8a9000, 12288, PROT_READ, MAP_PRIVATE|MAP_FIXED|MAP_DENYWRITE, 3, 0x8000) = 0x7f169b8a9000
mmap(0x7f169b8ac000, 8192, PROT_READ|PROT_WRITE, MAP_PRIVATE|MAP_FIXED|MAP_DENYWRITE, 3, 0xb000) = 0x7f169b8ac000
close(3)                                = 0
mprotect(0x7f169b8ac000, 4096, PROT_READ) = 0
openat(AT_FDCWD, "/usr/lib/x86_64-linux-gnu/libibverbs/librxe-rdmav34.so", O_RDONLY|O_CLOEXEC) = 3
read(3, "\177ELF\2\1\1\0\0\0\0\0\0\0\0\0\3\0>\0\1\0\0\0\0\0\0\0\0\0\0\0"..., 832) = 832
newfstatat(3, "", {st_mode=S_IFREG|0644, st_size=35056, ...}, AT_EMPTY_PATH) = 0
mmap(NULL, 32784, PROT_READ, MAP_PRIVATE|MAP_DENYWRITE, 3, 0) = 0x7f169b898000
mmap(0x7f169b89a000, 16384, PROT_READ|PROT_EXEC, MAP_PRIVATE|MAP_FIXED|MAP_DENYWRITE, 3, 0x2000) = 0x7f169b89a000
mmap(0x7f169b89e000, 4096, PROT_READ, MAP_PRIVATE|MAP_FIXED|MAP_DENYWRITE, 3, 0x6000) = 0x7f169b89e000
mmap(0x7f169b89f000, 8192, PROT_READ|PROT_WRITE, MAP_PRIVATE|MAP_FIXED|MAP_DENYWRITE, 3, 0x7000) = 0x7f169b89f000
close(3)                                = 0
mprotect(0x7f169b89f000, 4096, PROT_READ) = 0
openat(AT_FDCWD, "/usr/lib/x86_64-linux-gnu/libibverbs/libhns-rdmav34.so", O_RDONLY|O_CLOEXEC) = 3
read(3, "\177ELF\2\1\1\0\0\0\0\0\0\0\0\0\3\0>\0\1\0\0\0\0\0\0\0\0\0\0\0"..., 832) = 832
newfstatat(3, "", {st_mode=S_IFREG|0644, st_size=55536, ...}, AT_EMPTY_PATH) = 0
mmap(NULL, 53264, PROT_READ, MAP_PRIVATE|MAP_DENYWRITE, 3, 0) = 0x7f169b88a000
mmap(0x7f169b88c000, 32768, PROT_READ|PROT_EXEC, MAP_PRIVATE|MAP_FIXED|MAP_DENYWRITE, 3, 0x2000) = 0x7f169b88c000
mmap(0x7f169b894000, 8192, PROT_READ, MAP_PRIVATE|MAP_FIXED|MAP_DENYWRITE, 3, 0xa000) = 0x7f169b894000
mmap(0x7f169b896000, 8192, PROT_READ|PROT_WRITE, MAP_PRIVATE|MAP_FIXED|MAP_DENYWRITE, 3, 0xc000) = 0x7f169b896000
close(3)                                = 0
mprotect(0x7f169b896000, 4096, PROT_READ) = 0
openat(AT_FDCWD, "/usr/lib/x86_64-linux-gnu/libibverbs/libsiw-rdmav34.so", O_RDONLY|O_CLOEXEC) = 3
read(3, "\177ELF\2\1\1\0\0\0\0\0\0\0\0\0\3\0>\0\1\0\0\0\0\0\0\0\0\0\0\0"..., 832) = 832
newfstatat(3, "", {st_mode=S_IFREG|0644, st_size=30960, ...}, AT_EMPTY_PATH) = 0
mmap(NULL, 28688, PROT_READ, MAP_PRIVATE|MAP_DENYWRITE, 3, 0) = 0x7f169b882000
mmap(0x7f169b884000, 12288, PROT_READ|PROT_EXEC, MAP_PRIVATE|MAP_FIXED|MAP_DENYWRITE, 3, 0x2000) = 0x7f169b884000
mmap(0x7f169b887000, 4096, PROT_READ, MAP_PRIVATE|MAP_FIXED|MAP_DENYWRITE, 3, 0x5000) = 0x7f169b887000
mmap(0x7f169b888000, 8192, PROT_READ|PROT_WRITE, MAP_PRIVATE|MAP_FIXED|MAP_DENYWRITE, 3, 0x6000) = 0x7f169b888000
close(3)                                = 0
mprotect(0x7f169b888000, 4096, PROT_READ) = 0
openat(AT_FDCWD, "/usr/lib/x86_64-linux-gnu/libibverbs/libqedr-rdmav34.so", O_RDONLY|O_CLOEXEC) = 3
read(3, "\177ELF\2\1\1\0\0\0\0\0\0\0\0\0\3\0>\0\1\0\0\0\0\0\0\0\0\0\0\0"..., 832) = 832
newfstatat(3, "", {st_mode=S_IFREG|0644, st_size=55536, ...}, AT_EMPTY_PATH) = 0
mmap(NULL, 53272, PROT_READ, MAP_PRIVATE|MAP_DENYWRITE, 3, 0) = 0x7f169b874000
mmap(0x7f169b876000, 28672, PROT_READ|PROT_EXEC, MAP_PRIVATE|MAP_FIXED|MAP_DENYWRITE, 3, 0x2000) = 0x7f169b876000
mmap(0x7f169b87d000, 12288, PROT_READ, MAP_PRIVATE|MAP_FIXED|MAP_DENYWRITE, 3, 0x9000) = 0x7f169b87d000
mmap(0x7f169b880000, 8192, PROT_READ|PROT_WRITE, MAP_PRIVATE|MAP_FIXED|MAP_DENYWRITE, 3, 0xc000) = 0x7f169b880000
close(3)                                = 0
mprotect(0x7f169b880000, 4096, PROT_READ) = 0
openat(AT_FDCWD, "/usr/lib/x86_64-linux-gnu/libibverbs/libbnxt_re-rdmav34.so", O_RDONLY|O_CLOEXEC) = 3
read(3, "\177ELF\2\1\1\0\0\0\0\0\0\0\0\0\3\0>\0\1\0\0\0\0\0\0\0\0\0\0\0"..., 832) = 832
newfstatat(3, "", {st_mode=S_IFREG|0644, st_size=35056, ...}, AT_EMPTY_PATH) = 0
mmap(NULL, 32784, PROT_READ, MAP_PRIVATE|MAP_DENYWRITE, 3, 0) = 0x7f169b86b000
mmap(0x7f169b86d000, 16384, PROT_READ|PROT_EXEC, MAP_PRIVATE|MAP_FIXED|MAP_DENYWRITE, 3, 0x2000) = 0x7f169b86d000
mmap(0x7f169b871000, 4096, PROT_READ, MAP_PRIVATE|MAP_FIXED|MAP_DENYWRITE, 3, 0x6000) = 0x7f169b871000
mmap(0x7f169b872000, 8192, PROT_READ|PROT_WRITE, MAP_PRIVATE|MAP_FIXED|MAP_DENYWRITE, 3, 0x7000) = 0x7f169b872000
close(3)                                = 0
mprotect(0x7f169b872000, 4096, PROT_READ) = 0
openat(AT_FDCWD, "/usr/lib/x86_64-linux-gnu/libibverbs/libmlx5-rdmav34.so", O_RDONLY|O_CLOEXEC) = 3
read(3, "\177ELF\2\1\1\0\0\0\0\0\0\0\0\0\3\0>\0\1\0\0\0\0\0\0\0\0\0\0\0"..., 832) = 832
newfstatat(3, "", {st_mode=S_IFREG|0644, st_size=508368, ...}, AT_EMPTY_PATH) = 0
mmap(NULL, 514296, PROT_READ, MAP_PRIVATE|MAP_DENYWRITE, 3, 0) = 0x7f169b7ed000
mmap(0x7f169b7f4000, 413696, PROT_READ|PROT_EXEC, MAP_PRIVATE|MAP_FIXED|MAP_DENYWRITE, 3, 0x7000) = 0x7f169b7f4000
mmap(0x7f169b859000, 53248, PROT_READ, MAP_PRIVATE|MAP_FIXED|MAP_DENYWRITE, 3, 0x6c000) = 0x7f169b859000
mmap(0x7f169b866000, 12288, PROT_READ|PROT_WRITE, MAP_PRIVATE|MAP_FIXED|MAP_DENYWRITE, 3, 0x79000) = 0x7f169b866000
mmap(0x7f169b869000, 6392, PROT_READ|PROT_WRITE, MAP_PRIVATE|MAP_FIXED|MAP_ANONYMOUS, -1, 0) = 0x7f169b869000
close(3)                                = 0
mprotect(0x7f169b866000, 8192, PROT_READ) = 0
openat(AT_FDCWD, "/usr/lib/x86_64-linux-gnu/libibverbs/libmlx4-rdmav34.so", O_RDONLY|O_CLOEXEC) = 3
read(3, "\177ELF\2\1\1\0\0\0\0\0\0\0\0\0\3\0>\0\1\0\0\0\0\0\0\0\0\0\0\0"..., 832) = 832
newfstatat(3, "", {st_mode=S_IFREG|0644, st_size=59704, ...}, AT_EMPTY_PATH) = 0
mmap(NULL, 57360, PROT_READ, MAP_PRIVATE|MAP_DENYWRITE, 3, 0) = 0x7f169b7de000
mmap(0x7f169b7e0000, 36864, PROT_READ|PROT_EXEC, MAP_PRIVATE|MAP_FIXED|MAP_DENYWRITE, 3, 0x2000) = 0x7f169b7e0000
mmap(0x7f169b7e9000, 8192, PROT_READ, MAP_PRIVATE|MAP_FIXED|MAP_DENYWRITE, 3, 0xb000) = 0x7f169b7e9000
mmap(0x7f169b7eb000, 8192, PROT_READ|PROT_WRITE, MAP_PRIVATE|MAP_FIXED|MAP_DENYWRITE, 3, 0xd000) = 0x7f169b7eb000
close(3)                                = 0
mprotect(0x7f169b7eb000, 4096, PROT_READ) = 0
openat(AT_FDCWD, "/usr/lib/x86_64-linux-gnu/libibverbs/libcxgb4-rdmav34.so", O_RDONLY|O_CLOEXEC) = 3
read(3, "\177ELF\2\1\1\0\0\0\0\0\0\0\0\0\3\0>\0\1\0\0\0\0\0\0\0\0\0\0\0"..., 832) = 832
newfstatat(3, "", {st_mode=S_IFREG|0644, st_size=51464, ...}, AT_EMPTY_PATH) = 0
mmap(NULL, 49224, PROT_READ, MAP_PRIVATE|MAP_DENYWRITE, 3, 0) = 0x7f169b7d1000
mmap(0x7f169b7d3000, 28672, PROT_READ|PROT_EXEC, MAP_PRIVATE|MAP_FIXED|MAP_DENYWRITE, 3, 0x2000) = 0x7f169b7d3000
mmap(0x7f169b7da000, 8192, PROT_READ, MAP_PRIVATE|MAP_FIXED|MAP_DENYWRITE, 3, 0x9000) = 0x7f169b7da000
mmap(0x7f169b7dc000, 8192, PROT_READ|PROT_WRITE, MAP_PRIVATE|MAP_FIXED|MAP_DENYWRITE, 3, 0xb000) = 0x7f169b7dc000
close(3)                                = 0
mprotect(0x7f169b7dc000, 4096, PROT_READ) = 0
openat(AT_FDCWD, "/usr/lib/x86_64-linux-gnu/libibverbs/libipathverbs-rdmav34.so", O_RDONLY|O_CLOEXEC) = 3
read(3, "\177ELF\2\1\1\0\0\0\0\0\0\0\0\0\3\0>\0\1\0\0\0\0\0\0\0\0\0\0\0"..., 832) = 832
newfstatat(3, "", {st_mode=S_IFREG|0644, st_size=26864, ...}, AT_EMPTY_PATH) = 0
mmap(NULL, 24592, PROT_READ, MAP_PRIVATE|MAP_DENYWRITE, 3, 0) = 0x7f169b7ca000
mmap(0x7f169b7cc000, 8192, PROT_READ|PROT_EXEC, MAP_PRIVATE|MAP_FIXED|MAP_DENYWRITE, 3, 0x2000) = 0x7f169b7cc000
mmap(0x7f169b7ce000, 4096, PROT_READ, MAP_PRIVATE|MAP_FIXED|MAP_DENYWRITE, 3, 0x4000) = 0x7f169b7ce000
mmap(0x7f169b7cf000, 8192, PROT_READ|PROT_WRITE, MAP_PRIVATE|MAP_FIXED|MAP_DENYWRITE, 3, 0x5000) = 0x7f169b7cf000
close(3)                                = 0
mprotect(0x7f169b7cf000, 4096, PROT_READ) = 0
openat(AT_FDCWD, "/usr/lib/x86_64-linux-gnu/libibverbs/libhfi1verbs-rdmav34.so", O_RDONLY|O_CLOEXEC) = 3
read(3, "\177ELF\2\1\1\0\0\0\0\0\0\0\0\0\3\0>\0\1\0\0\0\0\0\0\0\0\0\0\0"..., 832) = 832
newfstatat(3, "", {st_mode=S_IFREG|0644, st_size=26864, ...}, AT_EMPTY_PATH) = 0
mmap(NULL, 24592, PROT_READ, MAP_PRIVATE|MAP_DENYWRITE, 3, 0) = 0x7f169b7c3000
mmap(0x7f169b7c5000, 8192, PROT_READ|PROT_EXEC, MAP_PRIVATE|MAP_FIXED|MAP_DENYWRITE, 3, 0x2000) = 0x7f169b7c5000
mmap(0x7f169b7c7000, 4096, PROT_READ, MAP_PRIVATE|MAP_FIXED|MAP_DENYWRITE, 3, 0x4000) = 0x7f169b7c7000
mmap(0x7f169b7c8000, 8192, PROT_READ|PROT_WRITE, MAP_PRIVATE|MAP_FIXED|MAP_DENYWRITE, 3, 0x5000) = 0x7f169b7c8000
close(3)                                = 0
mprotect(0x7f169b7c8000, 4096, PROT_READ) = 0
openat(AT_FDCWD, "/dev/infiniband/rdma_cm", O_RDWR|O_CLOEXEC) = 3
newfstatat(3, "", {st_mode=S_IFCHR|0666, st_rdev=makedev(0xa, 0x7a), ...}, AT_EMPTY_PATH) = 0
write(3, "\0\0\0\0\30\0\4\0\20\344\347~|U\0\0\4'k\5\375\177\0\0?\1\2\0\0\0\0\0", 32) = 32
write(3, "\24\0\0\0\210\0\0\0\0\0\0\0000\0\0\0\33\0\0\0\0\0\0\0\0\0\0\0\0\0\0\0"..., 144) = 144
write(3, "\23\0\0\0\20\0\30\1\260%k\5\375\177\0\0\0\0\0\0\0\0\0\0", 24) = 24
write(3, "\23\0\0\0\20\0\30\1\260%k\5\375\177\0\0\0\0\0\0\2\0\0\0", 24) = 24
write(3, "\1\0\0\0\20\0\4\0\364&k\5\375\177\0\0\0\0\0\0\0\0\0\0", 24) = 24
close(3)                                = 0
openat(AT_FDCWD, "/run/ibacm.port", O_RDONLY|O_CLOEXEC) = -1 ENOENT (No such file or directory)
socket(AF_UNIX, SOCK_STREAM|SOCK_CLOEXEC, 0) = 3
connect(3, {sa_family=AF_UNIX, sun_path="/run/ibacm.sock"}, 110) = -1 ENOENT (No such file or directory)
close(3)                                = 0
openat(AT_FDCWD, "/dev/infiniband/rdma_cm", O_RDWR|O_CLOEXEC) = 3
newfstatat(3, "", {st_mode=S_IFCHR|0666, st_rdev=makedev(0xa, 0x7a), ...}, AT_EMPTY_PATH) = 0
write(3, "\0\0\0\0\30\0\4\0`\7\350~|U\0\0\304'k\5\375\177\0\0\6\1\2\0\0\0\0\0", 32) = 32
write(3, "\25\0\0\0\20\1\0\0\0\0\0\0\320\7\0\0\0\0\20\0\0\0\0\0\0\0\0\0\0\0\0\0"..., 280) = 280
write(3, "\f\0\0\0\10\0P\1P%k\5\375\177\0\0", 16) = 16
write(3, "\23\0\0\0\20\0\30\1\360\"k\5\375\177\0\0\0\0\0\0\0\0\0\0", 24) = 24
openat(AT_FDCWD, "/dev/infiniband/uverbs2", O_RDWR|O_CLOEXEC) = 4
newfstatat(4, "", {st_mode=S_IFCHR|0666, st_rdev=makedev(0xe7, 0xc2), ...}, AT_EMPTY_PATH) = 0
mmap(NULL, 270336, PROT_READ|PROT_WRITE, MAP_PRIVATE|MAP_ANONYMOUS, -1, 0) = 0x7f169b781000
ioctl(4, RDMA_VERBS_IOCTL, 0x7ffd056b1e60) = -1 ENOSPC (No space left on device)
uname({sysname="Linux", nodename="node-2.hmng-179464.mit-aifm-pg0.clemson.cloudlab.us", ...}) = 0
ioctl(4, RDMA_VERBS_IOCTL, 0x7ffd056b1dc0) = 0
mmap(NULL, 4096, PROT_READ, MAP_SHARED, 4, 0x500000) = 0x7f169bc4d000
mmap(NULL, 4096, PROT_READ, MAP_SHARED, 4, 0x700000) = 0x7f169bc10000
openat(AT_FDCWD, "/proc/cpuinfo", O_RDONLY) = 5
newfstatat(5, "", {st_mode=S_IFREG|0444, st_size=0, ...}, AT_EMPTY_PATH) = 0
read(5, "processor\t: 0\nvendor_id\t: Authen"..., 1024) = 1024
read(5, "qm_occup_llc cqm_mbm_total cqm_m"..., 1024) = 1024
read(5, "pt pdpe1gb rdtscp lm constant_ts"..., 1024) = 1024
read(5, "physical, 48 bits virtual\npower "..., 1024) = 1024
read(5, " cqm rdt_a rdseed adx smap clflu"..., 1024) = 1024
read(5, "apic sep mtrr pge mca cmov pat p"..., 1024) = 1024
read(5, "9\nTLB size\t: 2560 4K pages\nclflu"..., 1024) = 1024
read(5, "cid_single hw_pstate ssbd mba ib"..., 1024) = 1024
read(5, "\nfpu_exception\t: yes\ncpuid level"..., 1024) = 1024
read(5, " smca\nbugs\t\t: sysret_ss_attrs sp"..., 1024) = 1024
read(5, "skinit wdt tce topoext perfctr_c"..., 1024) = 1024
read(5, "l id\t: 0\nsiblings\t: 64\ncore id\t\t"..., 1024) = 1024
read(5, "ld v_vmsave_vmload vgif v_spec_c"..., 1024) = 1024
read(5, "rdrand lahf_lm cmp_legacy svm ex"..., 1024) = 1024
read(5, "e Processor\nstepping\t: 1\nmicroco"..., 1024) = 1024
read(5, "t lbrv svm_lock nrip_save tsc_sc"..., 1024) = 1024
read(5, " pni pclmulqdq monitor ssse3 fma"..., 1024) = 1024
read(5, "cessor\t: 11\nvendor_id\t: Authenti"..., 1024) = 1024
read(5, "cqm_occup_llc cqm_mbm_total cqm_"..., 1024) = 1024
read(5, "xsr_opt pdpe1gb rdtscp lm consta"..., 1024) = 1024
read(5, "bits physical, 48 bits virtual\np"..., 1024) = 1024
read(5, "2 invpcid cqm rdt_a rdseed adx s"..., 1024) = 1024
read(5, " pae mce cx8 apic sep mtrr pge m"..., 1024) = 1024
read(5, "mips\t: 5589.79\nTLB size\t: 2560 4"..., 1024) = 1024
read(5, "at_l3 cdp_l3 invpcid_single hw_p"..., 1024) = 1024
read(5, "cid\t: 32\nfpu\t\t: yes\nfpu_exceptio"..., 1024) = 1024
read(5, "erflow_recov succor smca\nbugs\t\t:"..., 1024) = 1024
read(5, "nowprefetch osvw ibs skinit wdt "..., 1024) = 1024
read(5, " size\t: 512 KB\nphysical id\t: 0\ns"..., 1024) = 1024
read(5, "s pausefilter pfthreshold v_vmsa"..., 1024) = 1024
read(5, "opcnt aes xsave avx f16c rdrand "..., 1024) = 1024
read(5, "ame\t: AMD EPYC 7543 32-Core Proc"..., 1024) = 1024
read(5, "u wbnoinvd amd_ppin arat npt lbr"..., 1024) = 1024
read(5, "extd_apicid aperfmperf rapl pni "..., 1024) = 1024
read(5, " eff_freq_ro [13] [14]\n\nprocesso"..., 1024) = 1024
read(5, "vec xgetbv1 xsaves cqm_llc cqm_o"..., 1024) = 1024
read(5, "sse2 ht syscall nx mmxext fxsr_o"..., 1024) = 1024
read(5, "nt\t: 64\naddress sizes\t: 48 bits "..., 1024) = 1024
read(5, "fsgsbase bmi1 avx2 smep bmi2 inv"..., 1024) = 1024
read(5, "s\t\t: fpu vme de pse tsc msr pae "..., 1024) = 1024
read(5, "spec_store_bypass srso\nbogomips\t"..., 1024) = 1024
read(5, "xt perfctr_llc mwaitx cpb cat_l3"..., 1024) = 1024
read(5, "32\napicid\t\t: 54\ninitial apicid\t:"..., 1024) = 1024
read(5, "ke vaes vpclmulqdq rdpid overflo"..., 1024) = 1024
read(5, "cy abm sse4a misalignsse 3dnowpr"..., 1024) = 1024
read(5, "1\ncpu MHz\t\t: 2794.896\ncache size"..., 1024) = 1024
read(5, "an flushbyasid decodeassists pau"..., 1024) = 1024
read(5, "se4_1 sse4_2 x2apic movbe popcnt"..., 1024) = 1024
read(5, "ily\t: 25\nmodel\t\t: 1\nmodel name\t:"..., 1024) = 1024
read(5, "zero irperf xsaveerptr rdpru wbn"..., 1024) = 1024
read(5, "od nopl nonstop_tsc cpuid extd_a"..., 1024) = 1024
read(5, "nt: ts ttp tm hwpstate cpb eff_f"..., 1024) = 1024
read(5, " clwb sha_ni xsaveopt xsavec xge"..., 1024) = 1024
read(5, "36 clflush mmx fxsr sse sse2 ht "..., 1024) = 1024
read(5, " size\t: 64\ncache_alignment\t: 64\n"..., 1024) = 1024
read(5, "brs ibpb stibp vmmcall fsgsbase "..., 1024) = 1024
read(5, "el\t: 16\nwp\t\t: yes\nflags\t\t: fpu v"..., 1024) = 1024
read(5, "spectre_v1 spectre_v2 spec_store"..., 1024) = 1024
read(5, "r_core perfctr_nb bpext perfctr_"..., 1024) = 1024
read(5, "id\t\t: 6\ncpu cores\t: 32\napicid\t\t:"..., 1024) = 1024
read(5, "ec_ctrl umip pku ospke vaes vpcl"..., 1024) = 1024
read(5, "vm extapic cr8_legacy abm sse4a "..., 1024) = 1024
read(5, "icrocode\t: 0xa0011d1\ncpu MHz\t\t: "..., 1024) = 1024
read(5, "tsc_scale vmcb_clean flushbyasid"..., 1024) = 1024
read(5, "3 fma cx16 pcid sse4_1 sse4_2 x2"..., 1024) = 1024
read(5, "henticAMD\ncpu family\t: 25\nmodel\t"..., 1024) = 1024
read(5, " cqm_mbm_local clzero irperf xsa"..., 1024) = 1024
read(5, "onstant_tsc rep_good nopl nonsto"..., 1024) = 1024
read(5, "ual\npower management: ts ttp tm "..., 1024) = 1024
read(5, "adx smap clflushopt clwb sha_ni "..., 1024) = 1024
read(5, "pge mca cmov pat pse36 clflush m"..., 1024) = 1024
read(5, "560 4K pages\nclflush size\t: 64\nc"..., 1024) = 1024
read(5, " hw_pstate ssbd mba ibrs ibpb st"..., 1024) = 1024
read(5, "eption\t: yes\ncpuid level\t: 16\nwp"..., 1024) = 1024
read(5, "gs\t\t: sysret_ss_attrs spectre_v1"..., 1024) = 1024
read(5, " wdt tce topoext perfctr_core pe"..., 1024) = 1024
read(5, ": 1\nsiblings\t: 64\ncore id\t\t: 17\n"..., 1024) = 1024
read(5, "_vmsave_vmload vgif v_spec_ctrl "..., 1024) = 1024
read(5, "rdrand lahf_lm cmp_legacy svm ex"..., 1024) = 1024
read(5, "re Processor\nstepping\t: 1\nmicroc"..., 1024) = 1024
read(5, "t npt lbrv svm_lock nrip_save ts"..., 1024) = 1024
read(5, "f rapl pni pclmulqdq monitor sss"..., 1024) = 1024
read(5, "]\n\nprocessor\t: 53\nvendor_id\t: Au"..., 1024) = 1024
read(5, "cqm_llc cqm_occup_llc cqm_mbm_to"..., 1024) = 1024
read(5, "x mmxext fxsr_opt pdpe1gb rdtscp"..., 1024) = 1024
read(5, "izes\t: 48 bits physical, 48 bits"..., 1024) = 1024
read(5, "vx2 smep bmi2 invpcid cqm rdt_a "..., 1024) = 1024
read(5, "de pse tsc msr pae mce cx8 apic "..., 1024) = 1024
read(5, "pass srso\nbogomips\t: 5574.65\nTLB"..., 1024) = 1024
read(5, "llc mwaitx cpb cat_l3 cdp_l3 inv"..., 1024) = 1024
read(5, ": 116\ninitial apicid\t: 116\nfpu\t\t"..., 1024) = 1024
read(5, "pclmulqdq rdpid overflow_recov s"..., 1024) = 1024
read(5, "sse4a misalignsse 3dnowprefetch "..., 1024) = 1024
read(5, "Hz\t\t: 2794.896\ncache size\t: 512 "..., 1024) = 1024
read(5, "ushbyasid decodeassists pausefil"..., 1024) = 1024
read(5, "_1 sse4_2 x2apic movbe popcnt ae"..., 1024) = 1024
read(5, "\t: 25\nmodel\t\t: 1\nmodel name\t: AM"..., 1024) = 1024
read(5, "ero irperf xsaveerptr rdpru wbno"..., 1024) = 1024
read(5, "good nopl nonstop_tsc cpuid extd"..., 1024) = 1024
read(5, "ment: ts ttp tm hwpstate cpb eff"..., 1024) = 1024
read(5, " clwb sha_ni xsaveopt xsavec xge"..., 1024) = 1024
read(5, " clflush mmx fxsr sse sse2 ht sy"..., 1024) = 1024
read(5, "ize\t: 64\ncache_alignment\t: 64\nad"..., 1024) = 1024
read(5, "ibpb stibp vmmcall fsgsbase bmi1"..., 1024) = 1024
read(5, "6\nwp\t\t: yes\nflags\t\t: fpu vme de "..., 1024) = 1024
read(5, "e_v1 spectre_v2 spec_store_bypas"..., 1024) = 1024
read(5, "erfctr_nb bpext perfctr_llc mwai"..., 1024) = 1024
read(5, "cpu cores\t: 32\napicid\t\t: 11\ninit"..., 1024) = 1024
read(5, "umip pku ospke vaes vpclmulqdq r"..., 1024) = 1024
read(5, "ic cr8_legacy abm sse4a misalign"..., 1024) = 1024
read(5, "\t: 0xa0011d1\ncpu MHz\t\t: 2794.896"..., 1024) = 1024
read(5, "e vmcb_clean flushbyasid decodea"..., 1024) = 1024
read(5, "16 pcid sse4_1 sse4_2 x2apic mov"..., 1024) = 1024
read(5, "D\ncpu family\t: 25\nmodel\t\t: 1\nmod"..., 1024) = 1024
read(5, "local clzero irperf xsaveerptr r"..., 1024) = 1024
read(5, "sc rep_good nopl nonstop_tsc cpu"..., 1024) = 1024
read(5, " management: ts ttp tm hwpstate "..., 1024) = 1024
read(5, "clflushopt clwb sha_ni xsaveopt "..., 1024) = 1024
read(5, "mov pat pse36 clflush mmx fxsr s"..., 1024) = 1024
read(5, "ges\nclflush size\t: 64\ncache_alig"..., 1024) = 1024
read(5, "e ssbd mba ibrs ibpb stibp vmmca"..., 1024) = 1024
read(5, "yes\ncpuid level\t: 16\nwp\t\t: yes\nf"..., 1024) = 1024
read(5, "ret_ss_attrs spectre_v1 spectre_"..., 1024) = 1024
read(5, "topoext perfctr_core perfctr_nb "..., 1024) = 1024
read(5, "ngs\t: 64\ncore id\t\t: 16\ncpu cores"..., 1024) = 1024
read(5, "mload vgif v_spec_ctrl umip pku "..., 1024) = 1024
read(5, "_lm cmp_legacy svm extapic cr8_l"..., 1024) = 1024
read(5, "r\nstepping\t: 1\nmicrocode\t: 0xa00"..., 1024) = 1024
read(5, "m_lock nrip_save tsc_scale vmcb_"..., 1024) = 1024
read(5, "ulqdq monitor ssse3 fma cx16 pci"..., 1024) = 1024
read(5, "84\nvendor_id\t: AuthenticAMD\ncpu "..., 1024) = 1024
read(5, "_llc cqm_mbm_total cqm_mbm_local"..., 1024) = 1024
read(5, "dpe1gb rdtscp lm constant_tsc re"..., 1024) = 1024
read(5, "ical, 48 bits virtual\npower mana"..., 1024) = 1024
read(5, " cqm rdt_a rdseed adx smap clflu"..., 1024) = 1024
read(5, "cx8 apic sep mtrr pge mca cmov p"..., 1024) = 1024
read(5, "89.79\nTLB size\t: 2560 4K pages\nc"..., 1024) = 1024
read(5, "_l3 invpcid_single hw_pstate ssb"..., 1024) = 1024
read(5, "fpu\t\t: yes\nfpu_exception\t: yes\nc"..., 1024) = 1024
read(5, "cov succor smca\nbugs\t\t: sysret_s"..., 1024) = 1024
read(5, "ch osvw ibs skinit wdt tce topoe"..., 1024) = 1024
read(5, "12 KB\nphysical id\t: 0\nsiblings\t:"..., 1024) = 1024
read(5, "lter pfthreshold v_vmsave_vmload"..., 1024) = 1024
read(5, " xsave avx f16c rdrand lahf_lm c"..., 1024) = 1024
read(5, " EPYC 7543 32-Core Processor\nste"..., 1024) = 1024
read(5, "d amd_ppin arat npt lbrv svm_loc"..., 1024) = 1024
read(5, "id aperfmperf rapl pni pclmulqdq"..., 1024) = 1024
read(5, "_ro [13] [14]\n\nprocessor\t: 95\nve"..., 1024) = 1024
read(5, "v1 xsaves cqm_llc cqm_occup_llc "..., 1024) = 1024
read(5, "scall nx mmxext fxsr_opt pdpe1gb"..., 1024) = 1024
read(5, "dress sizes\t: 48 bits physical, "..., 1024) = 1024
read(5, "i1 avx2 smep bmi2 invpcid cqm rd"..., 1024) = 1024
read(5, " de pse tsc msr pae mce cx8 apic"..., 1024) = 1024
read(5, "ypass srso\nbogomips\t: 5574.65\nTL"..., 1024) = 1024
read(5, "c mwaitx cpb cat_l3 cdp_l3 invpc"..., 1024) = 1024
read(5, "73\ninitial apicid\t: 73\nfpu\t\t: ye"..., 1024) = 1024
read(5, "ulqdq rdpid overflow_recov succo"..., 1024) = 1024
read(5, "misalignsse 3dnowprefetch osvw i"..., 1024) = 1024
read(5, " 2794.896\ncache size\t: 512 KB\nph"..., 1024) = 1024
read(5, "d decodeassists pausefilter pfth"..., 1024) = 1024
read(5, "x2apic movbe popcnt aes xsave av"..., 1024) = 1024
read(5, "el\t\t: 1\nmodel name\t: AMD EPYC 75"..., 1024) = 1024
read(5, "saveerptr rdpru wbnoinvd amd_ppi"..., 1024) = 1024
read(5, "top_tsc cpuid extd_apicid aperfm"..., 1024) = 1024
read(5, "m hwpstate cpb eff_freq_ro [13] "..., 1024) = 1024
read(5, "ni xsaveopt xsavec xgetbv1 xsave"..., 1024) = 1024
read(5, "sh mmx fxsr sse sse2 ht syscall "..., 1024) = 1024
read(5, "64\ncache_alignment\t: 64\naddress "..., 1024) = 1024
read(5, "pb stibp vmmcall fsgsbase bmi1 a"..., 1024) = 1024
read(5, " 16\nwp\t\t: yes\nflags\t\t: fpu vme d"..., 1024) = 1024
read(5, "tre_v1 spectre_v2 spec_store_byp"..., 1024) = 1024
read(5, "core perfctr_nb bpext perfctr_ll"..., 1024) = 1024
read(5, "d\t\t: 15\ncpu cores\t: 32\napicid\t\t:"..., 1024) = 1024
read(5, "ec_ctrl umip pku ospke vaes vpcl"..., 1024) = 1024
read(5, " svm extapic cr8_legacy abm sse4"..., 1024) = 1024
read(5, "1\nmicrocode\t: 0xa0011d1\ncpu MHz\t"..., 1024) = 1024
read(5, "ave tsc_scale vmcb_clean flushby"..., 1024) = 1024
read(5, "tor ssse3 fma cx16 pcid sse4_1 s"..., 1024) = 1024
read(5, "_id\t: AuthenticAMD\ncpu family\t: "..., 1024) = 1024
read(5, "m_mbm_total cqm_mbm_local clzero"..., 1024) = 1024
read(5, "gb rdtscp lm constant_tsc rep_go"..., 1024) = 1024
read(5, ", 48 bits virtual\npower manageme"..., 1024) = 1024
read(5, "cqm rdt_a rdseed adx smap clflus"..., 1024) = 1024
read(5, "e cx8 apic sep mtrr pge mca cmov"..., 1024) = 1024
read(5, "5574.65\nTLB size\t: 2560 4K pages"..., 1024) = 1024
read(5, "3 cdp_l3 invpcid_single hw_pstat"..., 1024) = 1024
read(5, "d\t: 113\nfpu\t\t: yes\nfpu_exception"..., 1024) = 1024
read(5, "rflow_recov succor smca\nbugs\t\t: "..., 1024) = 1024
read(5, "3dnowprefetch osvw ibs skinit wd"..., 1024) = 1024
read(5, "che size\t: 512 KB\nphysical id\t: "..., 1024) = 1024
read(5, "ssists pausefilter pfthreshold v"..., 1024) = 1024
read(5, " movbe popcnt aes xsave avx f16c"..., 1024) = 1024
read(5, "1\nmodel name\t: AMD EPYC 7543 32-"..., 1024) = 1024
read(5, "eerptr rdpru wbnoinvd amd_ppin a"..., 1024) = 1024
read(5, "top_tsc cpuid extd_apicid aperfm"..., 1024) = 1024
read(5, "m hwpstate cpb eff_freq_ro [13] "..., 1024) = 1024
read(5, "a_ni xsaveopt xsavec xgetbv1 xsa"..., 1024) = 1024
read(5, "lflush mmx fxsr sse sse2 ht sysc"..., 1024) = 1024
read(5, "e\t: 64\ncache_alignment\t: 64\naddr"..., 1024) = 142
read(5, "", 1024)                       = 0
close(5)                                = 0
ioctl(4, RDMA_VERBS_IOCTL, 0x7ffd056ae9d0) = 0
ioctl(4, RDMA_VERBS_IOCTL, 0x7ffd056ae9d0) = 0
ioctl(4, RDMA_VERBS_IOCTL, 0x7ffd056b0a40) = 0
ioctl(4, RDMA_VERBS_IOCTL, 0x7ffd056b0840) = 0
ioctl(4, RDMA_VERBS_IOCTL, 0x7ffd056b1c50) = 0
ioctl(4, RDMA_VERBS_IOCTL, 0x7ffd056b1c20) = 0
mmap(NULL, 4096, PROT_WRITE, MAP_SHARED, 4, 0x900000) = 0x7f169bc0f000
ioctl(4, RDMA_VERBS_IOCTL, 0x7ffd056b1fa0) = 0
ioctl(4, RDMA_VERBS_IOCTL, 0x7ffd056b0c50) = 0
ioctl(4, RDMA_VERBS_IOCTL, 0x7ffd056b2030) = 0
ioctl(4, RDMA_VERBS_IOCTL, 0x7ffd056b20b0) = 0
write(3, "\23\0\0\0\20\0\30\1\360\"k\5\375\177\0\0\0\0\0\0\2\0\0\0", 24) = 24
write(3, "\4\0\0\0\10\0\0\0\0\0\0\0\320\7\0\0", 16) = 16
write(3, "\f\0\0\0\10\0P\1\0&k\5\375\177\0\0", 16) = 16
write(3, "\23\0\0\0\20\0\270\1\200\"k\5\375\177\0\0\0\0\0\0\1\0\0\0", 24) = 24
ioctl(4, RDMA_VERBS_IOCTL, 0x7ffd056b2650) = 0
ioctl(4, RDMA_VERBS_IOCTL, 0x7ffd056b2370) = 0
ioctl(4, RDMA_VERBS_IOCTL, 0x7ffd056b2650) = 0
ioctl(4, RDMA_VERBS_IOCTL, 0x7ffd056b2370) = 0
ioctl(4, RDMA_VERBS_IOCTL, 0x7ffd056b21b0) = 0
mmap(NULL, 4096, PROT_WRITE, MAP_SHARED, 4, 0x901000) = 0x7f169bc0e000
ioctl(4, RDMA_VERBS_IOCTL, 0x7ffd056b1f60) = 0
write(3, "\v\0\0\0\20\0\220\0\340%k\5\375\177\0\0\0\0\0\0\1\0\0\0", 24) = 24
ioctl(4, RDMA_VERBS_IOCTL, 0x7ffd056b21e0) = 0
ioctl(4, RDMA_VERBS_IOCTL, 0x7ffd056b2870) = 0
ioctl(4, RDMA_VERBS_IOCTL, 0x7ffd056b2870) = 0
ioctl(4, RDMA_VERBS_IOCTL, 0x7ffd056b2870) = 0
ioctl(4, RDMA_VERBS_IOCTL, 0x7ffd056b2870) = 0
ioctl(4, RDMA_VERBS_IOCTL, 0x7ffd056b2870) = 0
write(3, "\6\0\0\0 \1\0\0\301\3\0\0\0\0\0\0\0\0\0\0\0\0\0\0\0\0\0\0\0\0\0\0"..., 296) = 296
write(3, "\f\0\0\0\10\0P\1\0(k\5\375\177\0\0", 16) = 16
write(3, "\v\0\0\0\20\0\220\0@#k\5\375\177\0\0\0\0\0\0\1\0\0\0", 24) = 24
ioctl(4, RDMA_VERBS_IOCTL, 0x7ffd056b1ed0) = 0
write(3, "\v\0\0\0\20\0\220\0@#k\5\375\177\0\0\0\0\0\0\2\0\0\0", 24) = 24
ioctl(4, RDMA_VERBS_IOCTL, 0x7ffd056b1f40) = 0
write(3, "\v\0\0\0\20\0\220\0 $k\5\375\177\0\0\0\0\0\0\3\0\0\0", 24) = 24
ioctl(4, RDMA_VERBS_IOCTL, 0x7ffd056b2020) = 0
write(3, "\10\0\0\0(\1\0\0\0\0\0\0\0\0\0\0\0\0\0\0\0\0\0\0\0\0\0\0\0\0\0\0"..., 304) = 304
read(6, "@\23\350~|U\0\0", 8)           = 8
read(6, "@\23\350~|U\0\0", 8)           = 8
read(6, "@\23\350~|U\0\0", 8)           = 8
write(1, "index base: 0xffff81ad0000\n", 27) = 27
write(1, "index rkey: 0x53b00\n", 20)   = 20
write(1, "values rkey: 0x53c00\n", 21)  = 21
write(1, "setting up host conn\n", 21)  = 21
openat(AT_FDCWD, "/dev/infiniband/rdma_cm", O_RDWR|O_CLOEXEC) = 8
newfstatat(8, "", {st_mode=S_IFCHR|0666, st_rdev=makedev(0xa, 0x7a), ...}, AT_EMPTY_PATH) = 0
write(8, "\0\0\0\0\30\0\4\0\220p\350~|U\0\0\224)k\5\375\177\0\0\6\1\2\0\0\0\0\0", 32) = 32
write(8, "\25\0\0\0\20\1\0\0\1\0\0\0\320\7\0\0\0\0\20\0\0\0\0\0\0\0\0\0\0\0\0\0"..., 280) = 280
write(8, "\f\0\0\0\10\0P\1 'k\5\375\177\0\0", 16) = 16
write(8, "\23\0\0\0\20\0\30\1\300$k\5\375\177\0\0\1\0\0\0\0\0\0\0", 24) = 24
write(8, "\23\0\0\0\20\0\30\1\300$k\5\375\177\0\0\1\0\0\0\2\0\0\0", 24) = 24
write(8, "\4\0\0\0\10\0\0\0\1\0\0\0\320\7\0\0", 16) = 16
write(8, "\f\0\0\0\10\0P\1\320'k\5\375\177\0\0", 16) = 16
write(8, "\23\0\0\0\20\0\270\1P$k\5\375\177\0\0\1\0\0\0\1\0\0\0", 24) = 24
ioctl(4, RDMA_VERBS_IOCTL, 0x7ffd056b2820) = 0
brk(0x557c7eeb4000)                     = 0x557c7eeb4000
ioctl(4, RDMA_VERBS_IOCTL, 0x7ffd056b2540) = 0
ioctl(4, RDMA_VERBS_IOCTL, 0x7ffd056b2820) = 0
ioctl(4, RDMA_VERBS_IOCTL, 0x7ffd056b2540) = 0
ioctl(4, RDMA_VERBS_IOCTL, 0x7ffd056b2130) = 0
write(8, "\v\0\0\0\20\0\220\0\260'k\5\375\177\0\0\1\0\0\0\1\0\0\0", 24) = 24
ioctl(4, RDMA_VERBS_IOCTL, 0x7ffd056b23b0) = 0
ioctl(4, RDMA_VERBS_IOCTL, 0x7ffd056b2a40) = 0
ioctl(4, RDMA_VERBS_IOCTL, 0x7ffd056b2a40) = 0
write(8, "\6\0\0\0 \1\0\0\302\3\0\0\0\0\0\0\0\0\0\0\0\0\0\0\0\0\0\0\0\0\0\0"..., 296) = 296
write(8, "\f\0\0\0\10\0P\1\320)k\5\375\177\0\0", 16) = 16
write(8, "\v\0\0\0\20\0\220\0\20%k\5\375\177\0\0\1\0\0\0\1\0\0\0", 24) = 24
ioctl(4, RDMA_VERBS_IOCTL, 0x7ffd056b20a0) = 0
write(8, "\v\0\0\0\20\0\220\0\20%k\5\375\177\0\0\1\0\0\0\2\0\0\0", 24) = 24
ioctl(4, RDMA_VERBS_IOCTL, 0x7ffd056b2110) = 0
write(8, "\v\0\0\0\20\0\220\0\360%k\5\375\177\0\0\1\0\0\0\3\0\0\0", 24) = 24
ioctl(4, RDMA_VERBS_IOCTL, 0x7ffd056b21f0) = 0
write(8, "\10\0\0\0(\1\0\0\0\0\0\0\0\0\0\0\0\0\0\0\0\0\0\0\0\0\0\0\0\0\0\0"..., 304) = 304
read(9, " u\350~|U\0\0", 8)             = 8
write(1, "values rkey: 0x17f9b8\n", 22) = 22
getrandom(NULL, 0, GRND_NONBLOCK)       = 0
getrandom("\x0e\x9c\x23\x90\x79\x5a\x3f\x05\x75\x5e\x90\xcb\x9a\xe9\x0e\xbf\x1e\xf6\xc8\x6f\x1a\x33\x79\xf2\x06\xa0\xd5\x95\x52\xec\xdd\x90", 32, 0) = 32
read(7, "\240\25\350~|U\0\0", 8)        = 8
read(7, "\240\25\350~|U\0\0", 8)        = 8
write(1, "getting from host? false at addr"..., 359) = 359
read(7, "\240\25\350~|U\0\0", 8)        = 8
read(10, "\200w\350~|U\0\0", 8)         = 8
write(1, "getting from host? true at addre"..., 253) = 253
read(7, "\240\25\350~|U\0\0", 8)        = 8
read(7, "\240\25\350~|U\0\0", 8)        = 8
write(1, "getting from host? false at addr"..., 359) = 359
write(1, "avg_get_addr_time in nanos: 4229"..., 34) = 34
write(1, "avg_get_val_time_soc in nanos: 3"..., 37) = 37
write(1, "avg_get_val_time_host in nanos: "..., 39) = 39
sigaltstack({ss_sp=NULL, ss_flags=SS_DISABLE, ss_size=8192}, NULL) = 0
munmap(0x7f169bc11000, 12288)           = 0
exit_group(0)                           = ?
+++ exited with 0 +++
